<beans xmlns="http://www.springframework.org/schema/beans"
	xmlns:context="http://www.springframework.org/schema/context"
	xmlns:mvc="http://www.springframework.org/schema/mvc" xmlns:xsi="http://www.w3.org/2001/XMLSchema-instance"
	xmlns:aop="http://www.springframework.org/schema/aop" xmlns:tx="http://www.springframework.org/schema/tx"
	xsi:schemaLocation="
        http://www.springframework.org/schema/beans     
        http://www.springframework.org/schema/beans/spring-beans-3.0.xsd
        http://www.springframework.org/schema/context 
        http://www.springframework.org/schema/context/spring-context-3.0.xsd
        http://www.springframework.org/schema/mvc
        http://www.springframework.org/schema/mvc/spring-mvc-3.0.xsd
        http://www.springframework.org/schema/tx 
        http://www.springframework.org/schema/tx/spring-tx-3.0.xsd
    	http://www.springframework.org/schema/aop 
    	http://www.springframework.org/schema/aop/spring-aop-3.0.xsd">


	<!--  <bean class="org.springframework.beans.factory.annotation.AutowiredAnnotationBeanPostProcessor" />
	<bean class="org.springframework.orm.jpa.support.PersistenceAnnotationBeanPostProcessor" />-->

	<bean id="persistenceUnitManager"
		class="org.springframework.orm.jpa.persistenceunit.DefaultPersistenceUnitManager">
		<property name="persistenceXmlLocations">
			<list>
				<value>classpath*:META-INF/persistence.xml</value>
			</list>
		</property>
	</bean>

	<bean id="testEntityManagerFactory"
		class="org.springframework.orm.jpa.LocalContainerEntityManagerFactoryBean">
		<property name="jpaVendorAdapter">
			<bean class="org.springframework.orm.jpa.vendor.HibernateJpaVendorAdapter">
				<property name="database" value="POSTGRESQL" />
				<property name="showSql" value="true" />
			</bean>
		</property>
		<property name="persistenceUnitManager" ref="persistenceUnitManager" />
		<property name="persistenceUnitName" value="testEgtPersistenceUnit" />
	</bean>

	<bean id="transactionManager" class="org.springframework.orm.jpa.JpaTransactionManager">
		<property name="entityManagerFactory" ref="testEntityManagerFactory" />
	</bean>

	<tx:annotation-driven transaction-manager="transactionManager" />

	<!-- DAO -->
	<bean id="userDAO" class="com.egt.persistence.dao.UserDAOImpl" />

</beans>